<!--

    Copyright (C) 2009 eXo Platform SAS.

    This is free software; you can redistribute it and/or modify it
    under the terms of the GNU Lesser General Public License as
    published by the Free Software Foundation; either version 2.1 of
    the License, or (at your option) any later version.

    This software is distributed in the hope that it will be useful,
    but WITHOUT ANY WARRANTY; without even the implied warranty of
    MERCHANTABILITY or FITNESS FOR A PARTICULAR PURPOSE. See the GNU
    Lesser General Public License for more details.

    You should have received a copy of the GNU Lesser General Public
    License along with this software; if not, write to the Free
    Software Foundation, Inc., 51 Franklin St, Fifth Floor, Boston, MA
    02110-1301 USA, or see the FSF site: http://www.fsf.org.

-->
<repository-service default-repository="db1">
   <repositories>
      <repository name="db1" system-workspace="ws" default-workspace="ws">
         <security-domain>exo-domain</security-domain>
         <session-max-age>3600000</session-max-age><!-- 60min -->
         <authentication-policy>org.exoplatform.services.jcr.impl.core.access.JAASAuthenticator</authentication-policy>
         <workspaces>
            <workspace name="ws">
               <!-- for system storage -->
               <container class="org.exoplatform.services.jcr.impl.storage.jdbc.optimisation.CQJDBCWorkspaceDataContainer">
                  <properties>
                     <property name="source-name" value="jdbcjcr" />
                     <property name="dialect" value="auto" />
                     <property name="db-structure-type" value="isolated" />
                     <property name="max-buffer-size" value="204800" />
                     <property name="swap-directory" value="target/temp/swap/ws" />
                  </properties>
               </container>
               <cache enabled="true">
                  <properties>
                     <property name="maxSize" value="3000" />
                     <property name="liveTime" value="300" /><!-- 30 sec -->
                  </properties>
               </cache>
               <query-handler class="org.exoplatform.services.jcr.impl.core.query.lucene.SearchIndex">
                  <properties>
                     <property name="indexDir" value="target/temp/index/ws" />
                  </properties>
               </query-handler>
               <lock-manager class="org.exoplatform.services.jcr.impl.core.lock.infinispan.ISPNCacheableLockManagerImpl">
                  <properties>
                     <property name="time-out" value="15m" />
                     <property name="infinispan-configuration" value="conf/standalone/test-infinispan-lock.xml" />
                     <property name="infinispan-cl-cache.jdbc.table.name" value="lk" />
                     <property name="infinispan-cl-cache.jdbc.table.create" value="true" />
                     <property name="infinispan-cl-cache.jdbc.table.drop" value="false" />
                     <property name="infinispan-cl-cache.jdbc.id.column" value="id" />
                     <property name="infinispan-cl-cache.jdbc.data.column" value="data" />
                     <property name="infinispan-cl-cache.jdbc.timestamp.column" value="timestamp" />
                     <property name="infinispan-cl-cache.jdbc.datasource" value="jdbcjcr" />
                     <property name="infinispan-cl-cache.jdbc.connectionFactory" value="org.exoplatform.services.jcr.infinispan.ManagedConnectionFactory" />
                  </properties>
               </lock-manager>
            </workspace>

            <workspace name="ws2">
               <!-- for system storage -->
               <container class="org.exoplatform.services.jcr.impl.storage.jdbc.optimisation.CQJDBCWorkspaceDataContainer">
                  <properties>
                     <property name="source-name" value="jdbcjcr" />
                     <property name="db-structure-type" value="isolated" />
                     <property name="dialect" value="auto" />
                     <property name="max-buffer-size" value="204800" />
                     <property name="swap-directory" value="target/temp/swap/ws2" />
                  </properties>
               </container>
               <cache enabled="true">
                  <properties>
                     <property name="maxSize" value="3000" />
                     <property name="liveTime" value="300" /><!-- 30 sec -->
                  </properties>
               </cache>
               <query-handler class="org.exoplatform.services.jcr.impl.core.query.lucene.SearchIndex">
                  <properties>
                     <property name="indexDir" value="target/temp/index/ws2" />
                  </properties>
               </query-handler>
               <lock-manager class="org.exoplatform.services.jcr.impl.core.lock.infinispan.ISPNCacheableLockManagerImpl">
                  <properties>
                     <property name="time-out" value="15m" />
                     <property name="infinispan-configuration" value="conf/standalone/test-infinispan-lock.xml" />
                     <property name="infinispan-cl-cache.jdbc.table.name" value="lk" />
                     <property name="infinispan-cl-cache.jdbc.table.create" value="true" />
                     <property name="infinispan-cl-cache.jdbc.table.drop" value="false" />
                     <property name="infinispan-cl-cache.jdbc.id.column" value="id" />
                     <property name="infinispan-cl-cache.jdbc.data.column" value="data" />
                     <property name="infinispan-cl-cache.jdbc.timestamp.column" value="timestamp" />
                     <property name="infinispan-cl-cache.jdbc.datasource" value="jdbcjcr" />
                     <property name="infinispan-cl-cache.jdbc.connectionFactory" value="org.exoplatform.services.jcr.infinispan.ManagedConnectionFactory" />
                  </properties>
               </lock-manager>
            </workspace>
         </workspaces>
      </repository>
   </repositories>
</repository-service>