<!--

    Copyright (C) 2009 eXo Platform SAS.

    This is free software; you can redistribute it and/or modify it
    under the terms of the GNU Lesser General Public License as
    published by the Free Software Foundation; either version 2.1 of
    the License, or (at your option) any later version.

    This software is distributed in the hope that it will be useful,
    but WITHOUT ANY WARRANTY; without even the implied warranty of
    MERCHANTABILITY or FITNESS FOR A PARTICULAR PURPOSE. See the GNU
    Lesser General Public License for more details.

    You should have received a copy of the GNU Lesser General Public
    License along with this software; if not, write to the Free
    Software Foundation, Inc., 51 Franklin St, Fifth Floor, Boston, MA
    02110-1301 USA, or see the FSF site: http://www.fsf.org.

-->
<repository-service default-repository="db1">
   <repositories>
      <repository name="db1" system-workspace="ws" default-workspace="ws">
         <security-domain>exo-domain</security-domain>
         <session-max-age>1h</session-max-age>
         <authentication-policy>org.exoplatform.services.jcr.impl.core.access.JAASAuthenticator</authentication-policy>
         <workspaces>
            <workspace name="ws">
               <!-- for system storage -->
               <container class="org.exoplatform.services.jcr.impl.storage.jdbc.optimisation.CQJDBCWorkspaceDataContainer">
                  <properties>
                     <property name="source-name" value="jdbcjcr" />
                     <property name="dialect" value="hsqldb" />
                     <property name="db-structure-type" value="isolated" />
                     <property name="max-buffer-size" value="200k" />
                     <property name="swap-directory" value="target/temp/swap/ws" />
                  </properties>
                  <value-storages>
                     <value-storage id="ws" class="org.exoplatform.services.jcr.impl.storage.value.fs.CASableTreeFileValueStorage">
                        <properties>
                           <property name="path" value="target/temp/values/ws" />
                           <property name="digest-algo" value="MD5" />
                           <property name="vcas-type" value="org.exoplatform.services.jcr.impl.storage.value.cas.JDBCValueContentAddressStorageImpl" />
                           <property name="jdbc-source-name" value="jdbcjcr" />
                           <property name="jdbc-dialect" value="hsqldb" />
                        </properties>
                        <filters>
                           <filter property-type="Binary" />
                        </filters>
                     </value-storage>
                  </value-storages>
               </container>
               <initializer class="org.exoplatform.services.jcr.impl.core.ScratchWorkspaceInitializer">
                  <properties>
                     <property name="root-nodetype" value="nt:unstructured" />
                  </properties>
               </initializer>
               <cache enabled="true" class="org.exoplatform.services.jcr.impl.dataflow.persistent.LinkedWorkspaceStorageCacheImpl">
                  <properties>
                     <property name="max-size" value="2k" />
                     <property name="live-time" value="20m" />
                  </properties>
               </cache>
               <query-handler class="org.exoplatform.services.jcr.impl.core.query.lucene.SearchIndex">
                  <properties>
                     <property name="index-dir" value="target/temp/index/db1/ws" />
                  </properties>
               </query-handler>
               <lock-manager class="org.exoplatform.services.jcr.impl.core.lock.infinispan.ISPNCacheableLockManagerImpl">
                  <properties>
                     <property name="time-out" value="15m" />
                     <property name="infinispan-configuration" value="conf/standalone/test-infinispan-lock.xml" />
                     <property name="infinispan-cl-cache.jdbc.table.name" value="lk" />
                     <property name="infinispan-cl-cache.jdbc.table.create" value="true" />
                     <property name="infinispan-cl-cache.jdbc.table.drop" value="false" />
                     <property name="infinispan-cl-cache.jdbc.id.column" value="id" />
                     <property name="infinispan-cl-cache.jdbc.data.column" value="data" />
                     <property name="infinispan-cl-cache.jdbc.timestamp.column" value="timestamp" />
                     <property name="infinispan-cl-cache.jdbc.datasource" value="jdbcjcr" />
                     <property name="infinispan-cl-cache.jdbc.connectionFactory" value="org.exoplatform.services.jcr.infinispan.ManagedConnectionFactory" />
                  </properties>
               </lock-manager>
            </workspace>

            <workspace name="ws1">
               <container class="org.exoplatform.services.jcr.impl.storage.jdbc.optimisation.CQJDBCWorkspaceDataContainer">
                  <properties>
                     <property name="source-name" value="jdbcjcr" />
                     <property name="dialect" value="hsqldb" />
                     <property name="db-structure-type" value="isolated" />
                     <property name="max-buffer-size" value="200k" />
                     <property name="swap-directory" value="target/temp/swap/ws1" />
                  </properties>
                  <value-storages>
                     <value-storage id="ws1" class="org.exoplatform.services.jcr.impl.storage.value.fs.TreeFileValueStorage">
                        <properties>
                           <property name="path" value="target/temp/values/ws1" />
                        </properties>
                        <filters>
                           <filter property-type="Binary" />
                        </filters>
                     </value-storage>
                  </value-storages>
               </container>
               <cache enabled="true" class="org.exoplatform.services.jcr.impl.dataflow.persistent.LinkedWorkspaceStorageCacheImpl">
                  <properties>
                     <property name="max-size" value="2k" />
                     <property name="live-time" value="20m" />
                  </properties>
               </cache>
               <query-handler class="org.exoplatform.services.jcr.impl.core.query.lucene.SearchIndex">
                  <properties>
                     <property name="index-dir" value="target/temp/index/db1/ws1" />
                  </properties>
               </query-handler>
               <lock-manager class="org.exoplatform.services.jcr.impl.core.lock.infinispan.ISPNCacheableLockManagerImpl">
                  <properties>
                     <property name="time-out" value="15m" />
                     <property name="infinispan-configuration" value="conf/standalone/test-infinispan-lock.xml" />
                     <property name="infinispan-cl-cache.jdbc.table.name" value="lk" />
                     <property name="infinispan-cl-cache.jdbc.table.create" value="true" />
                     <property name="infinispan-cl-cache.jdbc.table.drop" value="false" />
                     <property name="infinispan-cl-cache.jdbc.id.column" value="id" />
                     <property name="infinispan-cl-cache.jdbc.data.column" value="data" />
                     <property name="infinispan-cl-cache.jdbc.timestamp.column" value="timestamp" />
                     <property name="infinispan-cl-cache.jdbc.datasource" value="jdbcjcr" />
                     <property name="infinispan-cl-cache.jdbc.connectionFactory" value="org.exoplatform.services.jcr.infinispan.ManagedConnectionFactory" />
                  </properties>
               </lock-manager>
            </workspace>

            <workspace name="ws2">
               <container class="org.exoplatform.services.jcr.impl.storage.jdbc.optimisation.CQJDBCWorkspaceDataContainer">
                  <properties>
                     <property name="source-name" value="jdbcjcr" />
                     <property name="dialect" value="hsqldb" />
                     <property name="db-structure-type" value="isolated" />
                     <property name="max-buffer-size" value="200k" />
                     <property name="swap-directory" value="target/temp/swap/ws2" />
                  </properties>
                  <value-storages>
                     <value-storage id="ws2" class="org.exoplatform.services.jcr.impl.storage.value.fs.TreeFileValueStorage">
                        <properties>
                           <property name="path" value="target/temp/values/ws2" />
                        </properties>
                        <filters>
                           <filter property-type="Binary" />
                        </filters>
                     </value-storage>
                  </value-storages>
               </container>
               <cache enabled="true" class="org.exoplatform.services.jcr.impl.dataflow.persistent.LinkedWorkspaceStorageCacheImpl">
                  <properties>
                     <property name="max-size" value="2k" />
                     <property name="live-time" value="20m" />
                  </properties>
               </cache>
               <query-handler class="org.exoplatform.services.jcr.impl.core.query.lucene.SearchIndex">
                  <properties>
                     <property name="index-dir" value="target/temp/index/db1/ws2" />
                  </properties>
               </query-handler>
               <lock-manager class="org.exoplatform.services.jcr.impl.core.lock.infinispan.ISPNCacheableLockManagerImpl">
                  <properties>
                     <property name="time-out" value="15m" />
                     <property name="infinispan-configuration" value="conf/standalone/test-infinispan-lock.xml" />
                     <property name="infinispan-cl-cache.jdbc.table.name" value="lk" />
                     <property name="infinispan-cl-cache.jdbc.table.create" value="true" />
                     <property name="infinispan-cl-cache.jdbc.table.drop" value="false" />
                     <property name="infinispan-cl-cache.jdbc.id.column" value="id" />
                     <property name="infinispan-cl-cache.jdbc.data.column" value="data" />
                     <property name="infinispan-cl-cache.jdbc.timestamp.column" value="timestamp" />
                     <property name="infinispan-cl-cache.jdbc.datasource" value="jdbcjcr" />
                     <property name="infinispan-cl-cache.jdbc.connectionFactory" value="org.exoplatform.services.jcr.infinispan.ManagedConnectionFactory" />
                  </properties>
               </lock-manager>
            </workspace>
         </workspaces>
      </repository>
   </repositories>
</repository-service>
